[ 2024-07-04 22:52:10,654 ] 23 root - INFO - Logger has been configured and is working properly.
[ 2024-07-04 22:52:15,447 ] 27 root - INFO - Data ingestion methods starts
[ 2024-07-04 22:52:15,667 ] 31 root - INFO - Dataset read as pandas dataframe
[ 2024-07-04 22:52:15,667 ] 33 root - INFO - Making directory path to save our raw data file
[ 2024-07-04 22:52:15,668 ] 35 root - INFO - raw data path created successfully
[ 2024-07-04 22:52:15,668 ] 37 root - INFO - converting our raw data file into df and saving it to the raw file directory
[ 2024-07-04 22:52:16,569 ] 40 root - INFO - Let's Do the train test split
[ 2024-07-04 22:52:17,731 ] 46 root - INFO - Data Ingestion Step Completed
[ 2024-07-04 22:52:17,913 ] 78 root - INFO - Read train and test data Completed
[ 2024-07-04 22:52:17,927 ] 79 root - INFO - Train dataframe head : 
        ID Delivery_person_ID  Delivery_person_Age  Delivery_person_Ratings  Restaurant_latitude  Restaurant_longitude  Delivery_location_latitude  Delivery_location_longitude  Order_Date  Time_Orderd Time_Order_picked Weather_conditions Road_traffic_density  Vehicle_condition Type_of_order Type_of_vehicle  multiple_deliveries Festival           City  Time_taken (min)
0  0x480a   RANCHIRES16DEL01                 31.0                      4.9            23.371292             85.327872                   23.411292                    85.367872  07-03-2022        16:35             16:50                Fog               Medium                  1          Meal      motorcycle                  1.0       No  Metropolitian                16
1  0x2f47      SURRES02DEL01                 33.0                      4.9            21.186608             72.794136                   21.296608                    72.904136  12-03-2022        18:55             19:05                Fog               Medium                  2        Buffet      motorcycle                  1.0       No          Urban                33
2  0x5857      JAPRES11DEL02                 36.0                      4.7            26.902940             75.793007                   26.952940                    75.843007  21-03-2022        18:20             18:35             Stormy               Medium                  2         Snack      motorcycle                  0.0       No          Urban                27
3  0xb624      MYSRES17DEL02                 37.0                      4.5            12.326356             76.619103                   12.406356                    76.699103  04-03-2022        18:55       0.791666667              Windy               Medium                  1          Meal         scooter                  1.0       No  Metropolitian                38
4  0xb794     CHENRES12DEL01                 28.0                      4.7            12.972793             80.249982                   13.012793                    80.289982  17-03-2022  0.708333333             17:10         Sandstorms               Medium                  2         Snack         scooter                  0.0       No  Metropolitian                28
[ 2024-07-04 22:52:17,936 ] 80 root - INFO - Test dataframe head : 
        ID Delivery_person_ID  Delivery_person_Age  Delivery_person_Ratings  Restaurant_latitude  Restaurant_longitude  Delivery_location_latitude  Delivery_location_longitude  Order_Date  Time_Orderd Time_Order_picked Weather_conditions Road_traffic_density  Vehicle_condition Type_of_order Type_of_vehicle  multiple_deliveries Festival           City  Time_taken (min)
0  0x480a   RANCHIRES16DEL01                 31.0                      4.9            23.371292             85.327872                   23.411292                    85.367872  07-03-2022        16:35             16:50                Fog               Medium                  1          Meal      motorcycle                  1.0       No  Metropolitian                16
1  0x2f47      SURRES02DEL01                 33.0                      4.9            21.186608             72.794136                   21.296608                    72.904136  12-03-2022        18:55             19:05                Fog               Medium                  2        Buffet      motorcycle                  1.0       No          Urban                33
2  0x5857      JAPRES11DEL02                 36.0                      4.7            26.902940             75.793007                   26.952940                    75.843007  21-03-2022        18:20             18:35             Stormy               Medium                  2         Snack      motorcycle                  0.0       No          Urban                27
3  0xb624      MYSRES17DEL02                 37.0                      4.5            12.326356             76.619103                   12.406356                    76.699103  04-03-2022        18:55       0.791666667              Windy               Medium                  1          Meal         scooter                  1.0       No  Metropolitian                38
4  0xb794     CHENRES12DEL01                 28.0                      4.7            12.972793             80.249982                   13.012793                    80.289982  17-03-2022  0.708333333             17:10         Sandstorms               Medium                  2         Snack         scooter                  0.0       No  Metropolitian                28
[ 2024-07-04 22:52:17,936 ] 82 root - INFO - Obtaining preprocessing object
[ 2024-07-04 22:52:17,937 ] 24 root - INFO - Data Transformation Initiated
[ 2024-07-04 22:52:18,178 ] 34 root - INFO - Pipeline Initiated
[ 2024-07-04 22:52:18,179 ] 65 root - INFO - Pipeline Completed
[ 2024-07-04 22:52:18,199 ] 95 root - INFO - Applying preprocessing object on training and testing datasets
[ 2024-07-04 22:52:18,201 ] 116 root - INFO - Error Occured in Initiate Data Transformation
