[ 2024-07-05 22:19:47,236 ] 23 root - INFO - Logger has been configured and is working properly.
[ 2024-07-05 22:19:53,703 ] 27 root - INFO - Data ingestion methods starts
[ 2024-07-05 22:19:53,920 ] 31 root - INFO - Dataset read as pandas dataframe
[ 2024-07-05 22:19:53,920 ] 33 root - INFO - Making directory path to save our raw data file
[ 2024-07-05 22:19:53,921 ] 35 root - INFO - raw data path created successfully
[ 2024-07-05 22:19:53,921 ] 37 root - INFO - converting our raw data file into df and saving it to the raw file directory
[ 2024-07-05 22:19:54,976 ] 40 root - INFO - Let's Do the train test split
[ 2024-07-05 22:19:56,347 ] 46 root - INFO - Data Ingestion Step Completed
[ 2024-07-05 22:19:56,681 ] 78 root - INFO - Read train and test data Completed
[ 2024-07-05 22:19:56,747 ] 79 root - INFO - Train dataframe head: 
    Delivery_person_Age  Delivery_person_Ratings  Restaurant_latitude  Restaurant_longitude  Delivery_location_latitude  Delivery_location_longitude Weather_conditions Road_traffic_density  Vehicle_condition Type_of_order   Type_of_vehicle  multiple_deliveries Festival           City  Day  Month  Year  orderd_hours  orderd_minutes  picked_hours  picked_minutes  Delivery_time
0                 36.0                      4.8             0.000000              0.000000                    0.050000                     0.050000             Cloudy                  Jam                  1         Snack           scooter                  2.0       No  Metropolitian   24      3  2022            20              40            20              50             39
1                 35.0                      4.9            19.223840             72.841347                   19.333840                    72.951347             Cloudy                  Low                  2        Drinks  electric_scooter                  1.0       No  Metropolitian   31      3  2022            23              35            23              45             29
2                 20.0                      4.6            18.562450             73.916619                   18.602450                    73.956619             Cloudy               Medium                  1        Drinks           scooter                  0.0       No  Metropolitian    1      3  2022            15              15            15              30             17
3                 33.0                      4.1            19.876428             75.364792                   19.926428                    75.414792              Windy                  Jam                  2        Drinks  electric_scooter                  1.0       No          Urban   11      2  2022            20              50            21               0             31
4                 28.0                      4.0            12.310972             76.659264                   12.400972                    76.749264             Stormy               Medium                  0          Meal        motorcycle                  0.0       No  Metropolitian    6      4  2022            17              40            17              50             34
[ 2024-07-05 22:19:56,770 ] 80 root - INFO - Test dataframe head: 
    Delivery_person_Age  Delivery_person_Ratings  Restaurant_latitude  Restaurant_longitude  Delivery_location_latitude  Delivery_location_longitude Weather_conditions Road_traffic_density  Vehicle_condition Type_of_order   Type_of_vehicle  multiple_deliveries Festival           City  Day  Month  Year  orderd_hours  orderd_minutes  picked_hours  picked_minutes  Delivery_time
0                 36.0                      4.8             0.000000              0.000000                    0.050000                     0.050000             Cloudy                  Jam                  1         Snack           scooter                  2.0       No  Metropolitian   24      3  2022            20              40            20              50             39
1                 35.0                      4.9            19.223840             72.841347                   19.333840                    72.951347             Cloudy                  Low                  2        Drinks  electric_scooter                  1.0       No  Metropolitian   31      3  2022            23              35            23              45             29
2                 20.0                      4.6            18.562450             73.916619                   18.602450                    73.956619             Cloudy               Medium                  1        Drinks           scooter                  0.0       No  Metropolitian    1      3  2022            15              15            15              30             17
3                 33.0                      4.1            19.876428             75.364792                   19.926428                    75.414792              Windy                  Jam                  2        Drinks  electric_scooter                  1.0       No          Urban   11      2  2022            20              50            21               0             31
4                 28.0                      4.0            12.310972             76.659264                   12.400972                    76.749264             Stormy               Medium                  0          Meal        motorcycle                  0.0       No  Metropolitian    6      4  2022            17              40            17              50             34
[ 2024-07-05 22:19:56,771 ] 82 root - INFO - Obtaining preprocessing object
[ 2024-07-05 22:19:56,772 ] 24 root - INFO - Data Transformation Initiated
[ 2024-07-05 22:19:57,144 ] 34 root - INFO - Pipeline Initiated
[ 2024-07-05 22:19:57,145 ] 65 root - INFO - Pipeline Completed
[ 2024-07-05 22:19:57,177 ] 94 root - INFO - Applying preprocessing object on training and testing datasets
[ 2024-07-05 22:19:57,579 ] 106 root - INFO - Preprocessor pickle file saved
[ 2024-07-05 22:19:57,583 ] 25 root - INFO - splitting data into independent and dependent variable
[ 2024-07-05 22:19:59,422 ] 43 root - INFO - Model Report : {'LinearRegression': 0.49979813737693435, 'Lasso': 0.4244662218967552, 'Ridge': 0.499798134430688, 'Elasticnet': 0.42053136979329386}
[ 2024-07-05 22:19:59,442 ] 56 root - INFO - Best Model Found , Model Name : LinearRegression , R2 Score : 0.49979813737693435
