[ 2024-07-05 00:14:25,448 ] 23 root - INFO - Logger has been configured and is working properly.
[ 2024-07-05 00:14:28,438 ] 27 root - INFO - Data ingestion methods starts
[ 2024-07-05 00:14:28,551 ] 31 root - INFO - Dataset read as pandas dataframe
[ 2024-07-05 00:14:28,551 ] 33 root - INFO - Making directory path to save our raw data file
[ 2024-07-05 00:14:28,551 ] 35 root - INFO - raw data path created successfully
[ 2024-07-05 00:14:28,551 ] 37 root - INFO - converting our raw data file into df and saving it to the raw file directory
[ 2024-07-05 00:14:29,176 ] 40 root - INFO - Let's Do the train test split
[ 2024-07-05 00:14:29,779 ] 46 root - INFO - Data Ingestion Step Completed
[ 2024-07-05 00:14:29,939 ] 78 root - INFO - Read train and test data Completed
[ 2024-07-05 00:14:29,948 ] 79 root - INFO - Train dataframe head: 
    Delivery_person_Age  Delivery_person_Ratings  Restaurant_latitude  Restaurant_longitude  Delivery_location_latitude  Delivery_location_longitude Weather_conditions Road_traffic_density  Vehicle_condition Type_of_order   Type_of_vehicle  multiple_deliveries Festival           City  Day  Month  Year  orderd_hours  orderd_minutes  picked_hours  picked_minutes  Delivery_time
0                 35.0                      4.7            26.479108             80.315042                   26.619108                    80.455042              Sunny               Medium                  0        Drinks        motorcycle                  0.0       No          Urban   18      2  2022            18              10            18              25             33
1                 31.0                      4.1            11.000762             76.981876                   11.050762                    77.031876              Windy                  Low                  0        Drinks        motorcycle                  1.0       No  Metropolitian   24      3  2022            22              25            22              40             25
2                 33.0                      4.6            19.223840             72.841347                   19.273840                    72.891347              Sunny                  Low                  0         Snack        motorcycle                  1.0       No  Metropolitian   15      3  2022            24               0            24              10             25
3                 35.0                      4.8            26.902328             75.794257                   26.922328                    75.814257             Stormy                  Low                  2        Buffet  electric_scooter                  0.0       No  Metropolitian   11      3  2022             9              15             9              30             27
4                 33.0                      5.0            13.027018             80.254791                   13.077018                    80.304791             Stormy               Medium                  0        Buffet        motorcycle                  1.0       No  Metropolitian    9      3  2022            18              50            19               5             27
[ 2024-07-05 00:14:29,954 ] 80 root - INFO - Test dataframe head: 
    Delivery_person_Age  Delivery_person_Ratings  Restaurant_latitude  Restaurant_longitude  Delivery_location_latitude  Delivery_location_longitude Weather_conditions Road_traffic_density  Vehicle_condition Type_of_order Type_of_vehicle  multiple_deliveries Festival           City  Day  Month  Year  orderd_hours  orderd_minutes  picked_hours  picked_minutes  Delivery_time
0                 36.0                      4.2            12.972161             77.596014                   13.032161                    77.656014         Sandstorms                  Low                  0          Meal      motorcycle                  0.0       No  Metropolitian    1      3  2022            23              20            23              25             34
1                 26.0                      4.9            22.539129             88.365507                   22.589129                    88.415507              Windy               Medium                  1         Snack      motorcycle                  1.0       No  Metropolitian   11      2  2022            18              15            18              20             24
2                 38.0                      4.1            18.520016             73.830547                   18.590016                    73.900547                Fog               Medium                  1        Buffet      motorcycle                  2.0       No  Metropolitian   14      3  2022            17              15            17              30             36
3                 30.0                      4.6            26.902940             75.793007                   26.962940                    75.853007             Cloudy                  Jam                  0        Drinks      motorcycle                  0.0       No  Metropolitian    1      4  2022            21              20            21              35             26
4                 27.0                      5.0            22.311603             73.165012                   22.391603                    73.245012         Sandstorms                  Jam                  1         Snack      motorcycle                  1.0       No  Metropolitian   29      3  2022            19              25            19              30             19
[ 2024-07-05 00:14:29,954 ] 82 root - INFO - Obtaining preprocessing object
[ 2024-07-05 00:14:29,954 ] 24 root - INFO - Data Transformation Initiated
[ 2024-07-05 00:14:30,082 ] 34 root - INFO - Pipeline Initiated
[ 2024-07-05 00:14:30,083 ] 65 root - INFO - Pipeline Completed
[ 2024-07-05 00:14:30,092 ] 94 root - INFO - Applying preprocessing object on training and testing datasets
[ 2024-07-05 00:14:30,093 ] 115 root - INFO - Error Occurred in Initiate Data Transformation
